<?xml version="1.0" encoding="UTF-8"?>
<!-- Generated by org.testng.reporters.JUnitReportReporter -->
<testsuite hostname="DESKTOP-NG8GBIN" failures="0" tests="1" name="Sample_Git.GitPull.Gitpull" time="10.241" errors="0" timestamp="2021-04-26T23:02:32 IST" skipped="0">
  <testcase classname="Sample_Git.GitPull.Gitpull" name="Git" time="10.241"/>
  <system-out/>
</testsuite> <!-- Sample_Git.GitPull.Gitpull -->
